<?xml version="1.0" encoding="UTF-8"?>
<!-- Generated by org.testng.reporters.JUnitReportReporter -->
<testsuite hostname="Monkey-D-Luffy" failures="0" tests="1" name="allTest.CucumberRunner" time="20.286" errors="0" timestamp="2023-01-07T19:56:40 IST" skipped="0">
  <testcase classname="allTest.CucumberRunner" name="runScenario" time="20.286"/>
  <system-out/>
</testsuite> <!-- allTest.CucumberRunner -->
